<?xml version="1.0" encoding="UTF-8"?>
<!-- Generated by org.testng.reporters.JUnitReportReporter -->
<testsuite skipped="0" hostname="DESKTOP-G18V4NJ" name="com.passbook.automation.test.TestSignInFlowWithGmailUser" tests="1" failures="0" timestamp="03 Aug 2020 20:34:40 GMT" time="1.345" errors="0">
  <testcase name="testPassbookWebAppkicationAvailability" time="1.345" classname="com.passbook.automation.test.TestSignInFlowWithGmailUser"/>
</testsuite> <!-- com.passbook.automation.test.TestSignInFlowWithGmailUser -->
